[18:25:40] [main/INFO] (FabricLoader/GameProvider) Loading Minecraft 1.18.1 with Fabric Loader 0.12.12
[18:25:40] [main/INFO] (FabricLoader) Loading 52 mods:
	- fabric 0.45.0+1.18
	- fabric-api-base 0.4.1+b4f4f6cd65
	- fabric-api-lookup-api-v1 1.5.0+17be577f65
	- fabric-biome-api-v1 6.0.1+ded849a965
	- fabric-blockrenderlayer-v1 1.1.9+3ac43d9565
	- fabric-command-api-v1 1.1.6+3ac43d9565
	- fabric-commands-v0 0.2.5+b4f4f6cd65
	- fabric-containers-v0 0.1.18+d154e2c665
	- fabric-content-registries-v0 0.4.5+6f53a73d65
	- fabric-crash-report-info-v1 0.1.8+3ac43d9565
	- fabric-data-generation-api-v1 1.1.0+9b1557c165
	- fabric-dimensions-v1 2.1.7+43d2957165
	- fabric-entity-events-v1 1.4.5+6b21378a65
	- fabric-events-interaction-v0 0.4.16+bfa23f1765
	- fabric-events-lifecycle-v0 0.2.6+b4f4f6cd65
	- fabric-game-rule-api-v1 1.0.10+3ac43d9565
	- fabric-gametest-api-v1 1.0.6+b71809b465
	- fabric-item-api-v1 1.3.0+691a79b565
	- fabric-item-groups-v0 0.3.3+3ac43d9565
	- fabric-key-binding-api-v1 1.0.8+c8aba2f365
	- fabric-keybindings-v0 0.2.6+b4f4f6cd65
	- fabric-language-kotlin 1.7.1+kotlin.1.6.10
	- fabric-lifecycle-events-v1 1.4.10+c15ca33565
	- fabric-loot-tables-v1 1.0.8+3ac43d9565
	- fabric-mining-level-api-v1 1.0.3+3ac43d9565
	- fabric-mining-levels-v0 0.1.7+b4f4f6cd65
	- fabric-models-v0 0.3.3+3ac43d9565
	- fabric-networking-api-v1 1.0.18+3ac43d9565
	- fabric-networking-v0 0.3.5+b4f4f6cd65
	- fabric-object-builder-api-v1 1.11.0+3b82842e65
	- fabric-object-builders-v0 0.7.8+3ac43d9565
	- fabric-particles-v1 0.2.9+526dc1ac65
	- fabric-registry-sync-v0 0.8.6+533be9ba65
	- fabric-renderer-api-v1 0.4.9+3ac43d9565
	- fabric-renderer-indigo 0.4.12+3ac43d9565
	- fabric-renderer-registries-v1 3.2.7+b4f4f6cd65
	- fabric-rendering-data-attachment-v1 0.3.4+7242e9d765
	- fabric-rendering-fluids-v1 0.1.18+3ac43d9565
	- fabric-rendering-v0 1.1.9+b4f4f6cd65
	- fabric-rendering-v1 1.10.3+6b21378a65
	- fabric-resource-loader-v0 0.4.11+3ac43d9565
	- fabric-screen-api-v1 1.0.7+3ac43d9565
	- fabric-screen-handler-api-v1 1.1.11+3ac43d9565
	- fabric-structure-api-v1 2.0.8+295197a765
	- fabric-tag-extensions-v0 1.2.5+3ac43d9565
	- fabric-textures-v0 1.0.9+3ac43d9565
	- fabric-tool-attribute-api-v1 1.3.4+7de09f5565
	- fabric-transfer-api-v1 1.5.6+b4f4f6cd65
	- fabricloader 0.12.12
	- java 17
	- minecraft 1.18.1
	- wwtrdm 1.0.0
[18:25:40] [main/INFO] (FabricLoader/Mixin) SpongePowered MIXIN Subsystem Version=0.8.4 Source=file:/home/marat/.gradle/caches/modules-2/files-2.1/net.fabricmc/sponge-mixin/0.10.7+mixin.0.8.4/7a4ca9d54d9ae564dea0363d668036a8420ed9b8/sponge-mixin-0.10.7+mixin.0.8.4.jar Service=Knot/Fabric Env=CLIENT
[18:25:41] [main/INFO] (FabricLoader/Mixin) Loaded Fabric development mappings for mixin remapper!
[18:25:41] [main/INFO] (FabricLoader/Mixin) Compatibility level set to JAVA_16
[18:25:41] [main/INFO] (FabricLoader/Mixin) Compatibility level set to JAVA_17
[18:25:47] [main/WARN] (FabricLoader/Mixin) @Inject(@At("INVOKE")) Shift.BY=3 on fabric-lifecycle-events-v1.mixins.json:client.WorldChunkMixin::handler$zij000$onLoadBlockEntity exceeds the maximum allowed value: 0. Increase the value of maxShiftBy to suppress this warning.
[18:25:51] [Render thread/INFO] (Minecraft) Environment: authHost='https://authserver.mojang.com', accountsHost='https://api.mojang.com', sessionHost='https://sessionserver.mojang.com', servicesHost='https://api.minecraftservices.com', name='PROD'
[18:25:53] [Render thread/ERROR] (Minecraft) Failed to verify authentication
com.mojang.authlib.exceptions.InvalidCredentialsException: Status: 401
	at com.mojang.authlib.exceptions.MinecraftClientHttpException.toAuthenticationException(MinecraftClientHttpException.java:56) ~[authlib-3.2.38.jar:?]
	at com.mojang.authlib.yggdrasil.YggdrasilUserApiService.fetchProperties(YggdrasilUserApiService.java:132) ~[authlib-3.2.38.jar:?]
	at com.mojang.authlib.yggdrasil.YggdrasilUserApiService.<init>(YggdrasilUserApiService.java:44) ~[authlib-3.2.38.jar:?]
	at com.mojang.authlib.yggdrasil.YggdrasilAuthenticationService.createUserApiService(YggdrasilAuthenticationService.java:153) ~[authlib-3.2.38.jar:?]
	at net.minecraft.client.MinecraftClient.createUserApiService(MinecraftClient.java:667) [minecraft-project-@-mapped.jar:?]
	at net.minecraft.client.MinecraftClient.<init>(MinecraftClient.java:499) [minecraft-project-@-mapped.jar:?]
	at net.minecraft.client.main.Main.main(Main.java:178) [minecraft-project-@-mapped.jar:?]
	at jdk.internal.reflect.NativeMethodAccessorImpl.invoke0(Native Method) ~[?:?]
	at jdk.internal.reflect.NativeMethodAccessorImpl.invoke(NativeMethodAccessorImpl.java:77) ~[?:?]
	at jdk.internal.reflect.DelegatingMethodAccessorImpl.invoke(DelegatingMethodAccessorImpl.java:43) ~[?:?]
	at java.lang.reflect.Method.invoke(Method.java:568) ~[?:?]
	at net.fabricmc.loader.impl.game.minecraft.MinecraftGameProvider.launch(MinecraftGameProvider.java:608) [fabric-loader-0.12.12.jar:?]
	at net.fabricmc.loader.impl.launch.knot.Knot.launch(Knot.java:77) [fabric-loader-0.12.12.jar:?]
	at net.fabricmc.loader.impl.launch.knot.KnotClient.main(KnotClient.java:23) [fabric-loader-0.12.12.jar:?]
	at net.fabricmc.devlaunchinjector.Main.main(Main.java:86) [dev-launch-injector-0.2.1+build.8.jar:?]
Caused by: com.mojang.authlib.exceptions.MinecraftClientHttpException: Status: 401
	at com.mojang.authlib.minecraft.client.MinecraftClient.readInputStream(MinecraftClient.java:78) ~[authlib-3.2.38.jar:?]
	at com.mojang.authlib.minecraft.client.MinecraftClient.get(MinecraftClient.java:48) ~[authlib-3.2.38.jar:?]
	at com.mojang.authlib.yggdrasil.YggdrasilUserApiService.fetchProperties(YggdrasilUserApiService.java:113) ~[authlib-3.2.38.jar:?]
	... 13 more
[18:25:53] [Render thread/INFO] (Minecraft) Setting user: Player32
[18:25:54] [Render thread/INFO] (Indigo) [Indigo] Registering Indigo renderer!
[18:25:55] [Render thread/INFO] (Minecraft) Backend library: LWJGL version 3.2.2 build 10
[18:25:59] [Render thread/INFO] (Minecraft) Narrator library successfully loaded
[18:25:59] [Render thread/INFO] (Minecraft) Reloading ResourceManager: Default, Fabric Mods (Fabric Containers (v0), Fabric Events Interaction (v0), Fabric API Lookup API (v1), What Would The Reddit Do (Maybe), Fabric Key Binding API (v1), Fabric Loot Tables (v1), Fabric Transfer API (v1), Fabric Language Kotlin, Fabric Biome API (v1), Fabric Entity Events (v1), Fabric Rendering (v1), Fabric Dimensions API (v1), Fabric Key Bindings (v0), Fabric API, Fabric Object Builder API (v1), Fabric Renderer - Indigo, Fabric Rendering (v0), Fabric Rendering Data Attachment (v1), Fabric Networking API (v1), Fabric Resource Loader (v0), Fabric Item Groups (v0), Fabric Mining Level API (v1), Fabric Models (v0), Fabric Item API (v1), Fabric Crash Report Info (v1), Fabric Tool Attribute API (v1), Fabric Screen API (v1), Fabric Object Builders (v0), Fabric Networking (v0), Fabric Game Rule API (v1), Fabric Mining Levels (v0), Fabric API Base, Fabric Tag Extensions (v0), Fabric BlockRenderLayer Registration (v1), Fabric Rendering Fluids (v1), Fabric Commands (v0), Fabric Particles (v1), Fabric Data Generation API (v1), Fabric Textures (v0), Fabric Events Lifecycle (v0), Fabric Renderer API (v1), Fabric Content Registries (v0), Fabric Renderer Registries (v1), Fabric Game Test API (v1), Fabric Registry Sync (v0), Fabric Structure API (v1), Fabric Loader, Fabric Lifecycle Events (v1), Fabric Screen Handler API (v1), Fabric Command API (v1))
[18:26:01] [Realms Notification Availability checker #1/INFO] (Minecraft) Could not authorize you against Realms server: Invalid session id
[18:26:08] [Render thread/INFO] (Minecraft) OpenAL initialized on device Family 17h (Models 10h-1fh) HD Audio Controller Analog Stereo
[18:26:08] [Render thread/INFO] (Minecraft) Sound engine started
[18:26:10] [Render thread/INFO] (Minecraft) Created: 1024x1024x4 minecraft:textures/atlas/blocks.png-atlas
[18:26:10] [Render thread/INFO] (Minecraft) Created: 256x128x4 minecraft:textures/atlas/signs.png-atlas
[18:26:10] [Render thread/INFO] (Minecraft) Created: 1024x512x4 minecraft:textures/atlas/banner_patterns.png-atlas
[18:26:10] [Render thread/INFO] (Minecraft) Created: 1024x512x4 minecraft:textures/atlas/shield_patterns.png-atlas
[18:26:10] [Render thread/INFO] (Minecraft) Created: 256x256x4 minecraft:textures/atlas/chest.png-atlas
[18:26:10] [Render thread/INFO] (Minecraft) Created: 512x256x4 minecraft:textures/atlas/beds.png-atlas
[18:26:10] [Render thread/INFO] (Minecraft) Created: 512x256x4 minecraft:textures/atlas/shulker_boxes.png-atlas
[18:26:16] [Render thread/INFO] (Minecraft) Created: 256x256x0 minecraft:textures/atlas/particles.png-atlas
[18:26:16] [Render thread/INFO] (Minecraft) Created: 256x256x0 minecraft:textures/atlas/paintings.png-atlas
[18:26:16] [Render thread/INFO] (Minecraft) Created: 256x128x0 minecraft:textures/atlas/mob_effects.png-atlas
[18:26:43] [Render thread/WARN] (Minecraft) Ambiguity between arguments [teleport, location] and [teleport, destination] with inputs: [0.1 -0.5 .9, 0 0 0]
[18:26:43] [Render thread/WARN] (Minecraft) Ambiguity between arguments [teleport, location] and [teleport, targets] with inputs: [0.1 -0.5 .9, 0 0 0]
[18:26:43] [Render thread/WARN] (Minecraft) Ambiguity between arguments [teleport, destination] and [teleport, targets] with inputs: [Player, 0123, @e, dd12be42-52a9-4a91-a8a1-11c01849e498]
[18:26:43] [Render thread/WARN] (Minecraft) Ambiguity between arguments [teleport, targets] and [teleport, destination] with inputs: [Player, 0123, dd12be42-52a9-4a91-a8a1-11c01849e498]
[18:26:43] [Render thread/WARN] (Minecraft) Ambiguity between arguments [teleport, targets, location] and [teleport, targets, destination] with inputs: [0.1 -0.5 .9, 0 0 0]
[18:26:43] [Render thread/INFO] (Minecraft) Reloading ResourceManager: Default, Fabric Mods (What Would The Reddit Do (Maybe), Fabric Tool Attribute API (v1), Fabric Game Test API (v1))
[18:26:44] [Render thread/INFO] (Minecraft) Loaded 7 recipes
[18:26:46] [Render thread/INFO] (Minecraft) Loaded 1142 advancements
[18:26:46] [Render thread/INFO] (BiomeModificationImpl) Applied 0 biome modifications to 0 of 61 new biomes in 6.005 ms
[18:26:52] [Render thread/INFO] (Minecraft) Environment: authHost='https://authserver.mojang.com', accountsHost='https://api.mojang.com', sessionHost='https://sessionserver.mojang.com', servicesHost='https://api.minecraftservices.com', name='PROD'
[18:26:52] [Server thread/INFO] (Minecraft) Starting integrated minecraft server version 1.18.1
[18:26:52] [Server thread/INFO] (Minecraft) Generating keypair
[18:26:54] [Server thread/INFO] (Minecraft) Preparing start region for dimension minecraft:overworld
[18:26:57] [Render thread/INFO] (Minecraft) Preparing spawn area: 0%
[18:26:58] [Render thread/INFO] (Minecraft) Preparing spawn area: 0%
[18:26:58] [Render thread/INFO] (Minecraft) Preparing spawn area: 0%
[18:26:58] [Render thread/INFO] (Minecraft) Preparing spawn area: 0%
[18:26:58] [Render thread/INFO] (Minecraft) Preparing spawn area: 0%
[18:26:58] [Render thread/INFO] (Minecraft) Preparing spawn area: 0%
[18:26:58] [Render thread/INFO] (Minecraft) Preparing spawn area: 0%
[18:26:58] [Render thread/INFO] (Minecraft) Preparing spawn area: 0%
[18:26:58] [Render thread/INFO] (Minecraft) Preparing spawn area: 0%
[18:26:58] [Render thread/INFO] (Minecraft) Preparing spawn area: 0%
[18:26:59] [Render thread/INFO] (Minecraft) Preparing spawn area: 0%
[18:26:59] [Render thread/INFO] (Minecraft) Preparing spawn area: 0%
[18:27:00] [Render thread/INFO] (Minecraft) Preparing spawn area: 0%
[18:27:00] [Render thread/INFO] (Minecraft) Preparing spawn area: 0%
[18:27:01] [Render thread/INFO] (Minecraft) Preparing spawn area: 0%
[18:27:01] [Render thread/INFO] (Minecraft) Preparing spawn area: 0%
[18:27:02] [Render thread/INFO] (Minecraft) Preparing spawn area: 0%
[18:27:02] [Render thread/INFO] (Minecraft) Preparing spawn area: 0%
[18:27:03] [Render thread/INFO] (Minecraft) Preparing spawn area: 0%
[18:27:04] [Render thread/INFO] (Minecraft) Preparing spawn area: 0%
[18:27:04] [Render thread/INFO] (Minecraft) Preparing spawn area: 0%
[18:27:04] [Render thread/INFO] (Minecraft) Preparing spawn area: 1%
[18:27:05] [Render thread/INFO] (Minecraft) Preparing spawn area: 2%
[18:27:09] [Render thread/INFO] (Minecraft) Preparing spawn area: 2%
[18:27:09] [Render thread/INFO] (Minecraft) Preparing spawn area: 2%
[18:27:09] [Render thread/INFO] (Minecraft) Preparing spawn area: 2%
[18:27:09] [Render thread/INFO] (Minecraft) Preparing spawn area: 2%
[18:27:09] [Render thread/INFO] (Minecraft) Preparing spawn area: 2%
[18:27:09] [Render thread/INFO] (Minecraft) Preparing spawn area: 2%
[18:27:09] [Render thread/INFO] (Minecraft) Preparing spawn area: 2%
[18:27:09] [Render thread/INFO] (Minecraft) Preparing spawn area: 2%
[18:27:09] [Render thread/INFO] (Minecraft) Preparing spawn area: 7%
[18:27:10] [Render thread/INFO] (Minecraft) Preparing spawn area: 18%
[18:27:10] [Render thread/INFO] (Minecraft) Preparing spawn area: 23%
[18:27:11] [Render thread/INFO] (Minecraft) Preparing spawn area: 28%
[18:27:11] [Render thread/INFO] (Minecraft) Preparing spawn area: 36%
[18:27:12] [Render thread/INFO] (Minecraft) Preparing spawn area: 42%
[18:27:12] [Render thread/INFO] (Minecraft) Preparing spawn area: 48%
[18:27:13] [Render thread/INFO] (Minecraft) Preparing spawn area: 58%
[18:27:13] [Render thread/INFO] (Minecraft) Preparing spawn area: 59%
[18:27:14] [Render thread/INFO] (Minecraft) Preparing spawn area: 68%
[18:27:14] [Render thread/INFO] (Minecraft) Preparing spawn area: 71%
[18:27:15] [Render thread/INFO] (Minecraft) Preparing spawn area: 75%
[18:27:15] [Render thread/INFO] (Minecraft) Preparing spawn area: 84%
[18:27:16] [Render thread/INFO] (Minecraft) Preparing spawn area: 84%
[18:27:16] [Render thread/INFO] (Minecraft) Preparing spawn area: 84%
[18:27:17] [Render thread/INFO] (Minecraft) Preparing spawn area: 84%
[18:27:17] [Render thread/INFO] (Minecraft) Preparing spawn area: 84%
[18:27:18] [Render thread/INFO] (Minecraft) Preparing spawn area: 86%
[18:27:18] [Render thread/INFO] (Minecraft) Preparing spawn area: 87%
[18:27:21] [Render thread/INFO] (Minecraft) Preparing spawn area: 89%
[18:27:21] [Render thread/INFO] (Minecraft) Preparing spawn area: 89%
[18:27:21] [Render thread/INFO] (Minecraft) Preparing spawn area: 89%
[18:27:21] [Render thread/INFO] (Minecraft) Preparing spawn area: 89%
[18:27:21] [Render thread/INFO] (Minecraft) Preparing spawn area: 89%
[18:27:21] [Render thread/INFO] (Minecraft) Time elapsed: 27545 ms
[18:27:22] [Server thread/INFO] (Minecraft) Changing view distance to 4, from 10
[18:27:22] [Server thread/INFO] (Minecraft) Changing simulation distance to 5, from 0
[18:27:26] [Server thread/INFO] (Minecraft) Player32[local:E:0e55e751] logged in with entity id 1 at (12.538079198940965, -59.0, -2.304189311108427)
[18:27:26] [Server thread/INFO] (Minecraft) Player32 joined the game
[18:27:27] [Server thread/WARN] (Minecraft) Can't keep up! Is the server overloaded? Running 2341ms or 46 ticks behind
[18:27:30] [Render thread/INFO] (Minecraft) Loaded 3 advancements
[18:27:59] [Server thread/INFO] (Minecraft) [Player32: Changed the block at 10, -60, -3]
[18:27:59] [Render thread/INFO] (Minecraft) [CHAT] Changed the block at 10, -60, -3
[18:28:02] [Server thread/INFO] (Minecraft) Player32 has made the advancement [The End?]
[18:28:02] [Render thread/INFO] (Minecraft) [CHAT] Player32 has made the advancement [The End?]
[18:28:03] [Server thread/WARN] (Minecraft) Can't keep up! Is the server overloaded? Running 3653ms or 73 ticks behind
[18:28:03] [Render thread/INFO] (Minecraft) Loaded 18 advancements
[18:28:26] [Server thread/INFO] (Minecraft) Scanning for legacy world dragon fight...
[18:28:26] [Server thread/INFO] (Minecraft) Found that the dragon has not yet been killed in this world.
[18:28:34] [Server thread/INFO] (Minecraft) Changing view distance to 3, from 4
[18:28:34] [Server thread/INFO] (Minecraft) [Player32: Set own game mode to Creative Mode]
[18:28:34] [Render thread/INFO] (Minecraft) [CHAT] Set own game mode to Creative Mode
[18:28:34] [Server thread/INFO] (Minecraft) Saving and pausing game...
[18:28:34] [Server thread/INFO] (Minecraft) Saving chunks for level 'ServerLevel[New World]'/minecraft:overworld
[18:28:34] [Server thread/INFO] (Minecraft) Saving chunks for level 'ServerLevel[New World]'/minecraft:the_nether
[18:28:34] [Server thread/INFO] (Minecraft) Saving chunks for level 'ServerLevel[New World]'/minecraft:the_end
[18:28:35] [Server thread/WARN] (Minecraft) Can't keep up! Is the server overloaded? Running 16694ms or 333 ticks behind
[18:28:36] [Server thread/INFO] (Minecraft) Changing view distance to 2, from 3
[18:29:00] [Server thread/INFO] (Minecraft) [Player32: Applied effect Resistance to Player32]
[18:29:00] [Render thread/INFO] (Minecraft) [CHAT] Applied effect Resistance to Player32
[18:29:08] [Render thread/INFO] (Minecraft) [CHAT] Unknown item 'minecraft:el'
[18:29:08] [Render thread/INFO] (Minecraft) [CHAT] /give @a el<--[HERE]
[18:29:13] [Server thread/INFO] (Minecraft) Player32 has reached the goal [Sky's the Limit]
[18:29:13] [Server thread/INFO] (Minecraft) [Player32: Gave 1 [Elytra] to Player32]
[18:29:13] [Render thread/INFO] (Minecraft) [CHAT] Player32 has reached the goal [Sky's the Limit]
[18:29:13] [Render thread/INFO] (Minecraft) [CHAT] Gave 1 [Elytra] to Player32
[18:29:13] [Render thread/INFO] (Minecraft) Loaded 20 advancements
[18:29:18] [Server thread/INFO] (Minecraft) [Player32: Set own game mode to Survival Mode]
[18:29:18] [Render thread/INFO] (Minecraft) [CHAT] Set own game mode to Survival Mode
[18:29:37] [Server thread/INFO] (Minecraft) [Player32: Summoned new Ender Dragon]
[18:29:37] [Render thread/INFO] (Minecraft) [CHAT] Summoned new Ender Dragon
[18:30:03] [Server thread/INFO] (Minecraft) Player32 fell out of the world
[18:30:03] [Render thread/INFO] (Minecraft) [CHAT] Player32 fell out of the world
[18:30:04] [Server thread/INFO] (Minecraft) Skipping update from removed player 'ServerPlayerEntity['Player32'/1, l='ServerLevel[New World]', x=-17.10, y=-341.29, z=132.89, removed=KILLED]'
[18:30:14] [Server thread/INFO] (Minecraft) Saving and pausing game...
[18:30:14] [Server thread/INFO] (Minecraft) Saving chunks for level 'ServerLevel[New World]'/minecraft:overworld
[18:30:14] [Server thread/INFO] (Minecraft) Saving chunks for level 'ServerLevel[New World]'/minecraft:the_nether
[18:30:14] [Server thread/INFO] (Minecraft) Saving chunks for level 'ServerLevel[New World]'/minecraft:the_end
[18:30:15] [Server thread/INFO] (Minecraft) Saving and pausing game...
[18:30:15] [Server thread/INFO] (Minecraft) Saving chunks for level 'ServerLevel[New World]'/minecraft:overworld
[18:30:15] [Server thread/INFO] (Minecraft) Saving chunks for level 'ServerLevel[New World]'/minecraft:the_nether
[18:30:15] [Server thread/INFO] (Minecraft) Saving chunks for level 'ServerLevel[New World]'/minecraft:the_end
